/home/uscheed/CMDA3634_uscheed/labs/lab07/code
/home/uscheed/CMDA3634_uscheed/labs/lab07/code
strong scalability
==================
experiment, n_threads, n_trials, N, matvec, matvec_triangular, matvec_triangular guided
matrix,    1,   20, 10000, 0.4953784274, 0.2696778023, 0.2700306081
matrix,    2,   20, 10000, 0.2489107033, 0.2022218241, 0.1356249340
matrix,    3,   20, 10000, 0.1660234507, 0.1496268010, 0.0904901573
matrix,    4,   20, 10000, 0.1244190000, 0.1177563716, 0.0680744893
matrix,    5,   20, 10000, 0.0995202173, 0.0969691439, 0.0546521497
matrix,    6,   20, 10000, 0.0829725951, 0.0825403333, 0.0457724085
matrix,    7,   20, 10000, 0.0710203213, 0.0714645325, 0.0392825540
matrix,    8,   20, 10000, 0.0622316108, 0.0630665600, 0.0345005403


weak scalability
==================
experiment, n_threads, n_trials, N, matvec, matvec_triangular, matvec_triangular guided
matrix,    1,   20, 10000, 0.4964711026, 0.2705092639, 0.2706628312
matrix,    2,   20, 14142, 0.4980645621, 0.4035024504, 0.2702542877
matrix,    3,   20, 17320, 0.4956393788, 0.4479463464, 0.2696706485
matrix,    4,   20, 20000, 0.4952901886, 0.4697554790, 0.2699039149
matrix,    5,   20, 22360, 0.4959988607, 0.4836180457, 0.2700129269
matrix,    6,   20, 24494, 0.4959036537, 0.4916382310, 0.2703352777
matrix,    7,   20, 26457, 0.4957743885, 0.4980933372, 0.2706338985
matrix,    8,   20, 28284, 0.4966386798, 0.5036983473, 0.2712503372
strong scalability
==================
experiment, n_threads, n_trials, N, norm, normalize, axpy, inner_product
vector,    1,   20, 10000000, 0.1209120549, 0.1259054789, 0.0386869435, 0.0353792754
vector,    2,   20, 10000000, 0.0605464198, 0.0630836927, 0.0195454565, 0.0177602554
vector,    3,   20, 10000000, 0.0403826160, 0.0408125549, 0.0130253376, 0.0118255747
vector,    4,   20, 10000000, 0.0303030318, 0.0315673726, 0.0097765058, 0.0088825319
vector,    5,   20, 10000000, 0.0242264556, 0.0311260163, 0.0078396949, 0.0071100929
vector,    6,   20, 10000000, 0.0202365602, 0.0205253958, 0.0065781541, 0.0059309054
vector,    7,   20, 10000000, 0.0173437710, 0.0176007595, 0.0056886117, 0.0050815717
vector,    8,   20, 10000000, 0.0151873348, 0.0156117878, 0.0050533231, 0.0044756000


weak scalability
==================
experiment, n_threads, n_trials, N, norm, normalize, axpy, inner_product
vector,    1,   20, 10000000, 0.1211945985, 0.1548996042, 0.0387341684, 0.0353568030
vector,    2,   20, 20000000, 0.1209660737, 0.1279851233, 0.0389502087, 0.0354235666
vector,    3,   20, 30000000, 0.1211257497, 0.1227908516, 0.0389776659, 0.0354999239
vector,    4,   20, 40000000, 0.1211130554, 0.1553522449, 0.0390177631, 0.0354639032
vector,    5,   20, 50000000, 0.1210406148, 0.1228230509, 0.0391169929, 0.0354677942
vector,    6,   20, 60000000, 0.1211656943, 0.1228346544, 0.0395067126, 0.0354826563
vector,    7,   20, 70000000, 0.1211543757, 0.1229025809, 0.0394856133, 0.0355575726
vector,    8,   20, 80000000, 0.1213084946, 0.1555175930, 0.0401552655, 0.0355360044
